# JRE version: 7.0_21-b11
# Java VM: Java HotSpot(TM) Client VM (23.21-b01 mixed mode, sharing windows-x86 )
Heap
 def new generation   total 4928K, used 4788K [0x23a90000, 0x23fe0000, 0x28fe0000)
  eden space 4416K,  96% used [0x23a90000, 0x23ebd398, 0x23ee0000)
  from space 512K, 100% used [0x23ee0000, 0x23f60000, 0x23f60000)
  to   space 512K,   0% used [0x23f60000, 0x23f60000, 0x23fe0000)
 tenured generation   total 10944K, used 1620K [0x28fe0000, 0x29a90000, 0x33a90000)
   the space 10944K,  14% used [0x28fe0000, 0x291753e0, 0x29175400, 0x29a90000)
 compacting perm gen  total 12288K, used 2697K [0x33a90000, 0x34690000, 0x37a90000)
   the space 12288K,  21% used [0x33a90000, 0x33d325a0, 0x33d32600, 0x34690000)
    ro space 10240K,  45% used [0x37a90000, 0x37f17988, 0x37f17a00, 0x38490000)
    rw space 12288K,  54% used [0x38490000, 0x38b1b5d8, 0x38b1b600, 0x39090000)
GC Heap History (4 events):
Event: 0.329 GC heap before
{Heap before GC invocations=0 (full 0):
 def new generation   total 4928K, used 4416K [0x23a90000, 0x23fe0000, 0x28fe0000)
  eden space 4416K, 100% used [0x23a90000, 0x23ee0000, 0x23ee0000)
  from space 512K,   0% used [0x23ee0000, 0x23ee0000, 0x23f60000)
  to   space 512K,   0% used [0x23f60000, 0x23f60000, 0x23fe0000)
 tenured generation   total 10944K, used 0K [0x28fe0000, 0x29a90000, 0x33a90000)
   the space 10944K,   0% used [0x28fe0000, 0x28fe0000, 0x28fe0200, 0x29a90000)
 compacting perm gen  total 12288K, used 1064K [0x33a90000, 0x34690000, 0x37a90000)
   the space 12288K,   8% used [0x33a90000, 0x33b9a230, 0x33b9a400, 0x34690000)
    ro space 10240K,  45% used [0x37a90000, 0x37f17988, 0x37f17a00, 0x38490000)
    rw space 12288K,  54% used [0x38490000, 0x38b1b5d8, 0x38b1b600, 0x39090000)
Event: 0.332 GC heap after
Heap after GC invocations=1 (full 0):
 def new generation   total 4928K, used 512K [0x23a90000, 0x23fe0000, 0x28fe0000)
  eden space 4416K,   0% used [0x23a90000, 0x23a90000, 0x23ee0000)
  from space 512K, 100% used [0x23f60000, 0x23fe0000, 0x23fe0000)
  to   space 512K,   0% used [0x23ee0000, 0x23ee0000, 0x23f60000)
 tenured generation   total 10944K, used 573K [0x28fe0000, 0x29a90000, 0x33a90000)
   the space 10944K,   5% used [0x28fe0000, 0x2906f730, 0x2906f800, 0x29a90000)
 compacting perm gen  total 12288K, used 1064K [0x33a90000, 0x34690000, 0x37a90000)
   the space 12288K,   8% used [0x33a90000, 0x33b9a230, 0x33b9a400, 0x34690000)
    ro space 10240K,  45% used [0x37a90000, 0x37f17988, 0x37f17a00, 0x38490000)
    rw space 12288K,  54% used [0x38490000, 0x38b1b5d8, 0x38b1b600, 0x39090000)
}
Event: 0.552 GC heap before
{Heap before GC invocations=1 (full 0):
 def new generation   total 4928K, used 4928K [0x23a90000, 0x23fe0000, 0x28fe0000)
  eden space 4416K, 100% used [0x23a90000, 0x23ee0000, 0x23ee0000)
  from space 512K, 100% used [0x23f60000, 0x23fe0000, 0x23fe0000)
  to   space 512K,   0% used [0x23ee0000, 0x23ee0000, 0x23f60000)
 tenured generation   total 10944K, used 573K [0x28fe0000, 0x29a90000, 0x33a90000)
   the space 10944K,   5% used [0x28fe0000, 0x2906f730, 0x2906f800, 0x29a90000)
 compacting perm gen  total 12288K, used 2105K [0x33a90000, 0x34690000, 0x37a90000)
   the space 12288K,  17% used [0x33a90000, 0x33c9e760, 0x33c9e800, 0x34690000)
    ro space 10240K,  45% used [0x37a90000, 0x37f17988, 0x37f17a00, 0x38490000)
    rw space 12288K,  54% used [0x38490000, 0x38b1b5d8, 0x38b1b600, 0x39090000)
Event: 0.556 GC heap after
Heap after GC invocations=2 (full 0):
 def new generation   total 4928K, used 512K [0x23a90000, 0x23fe0000, 0x28fe0000)
  eden space 4416K,   0% used [0x23a90000, 0x23a90000, 0x23ee0000)
  from space 512K, 100% used [0x23ee0000, 0x23f60000, 0x23f60000)
  to   space 512K,   0% used [0x23f60000, 0x23f60000, 0x23fe0000)
 tenured generation   total 10944K, used 1620K [0x28fe0000, 0x29a90000, 0x33a90000)
   the space 10944K,  14% used [0x28fe0000, 0x291753e0, 0x29175400, 0x29a90000)
 compacting perm gen  total 12288K, used 2105K [0x33a90000, 0x34690000, 0x37a90000)
   the space 12288K,  17% used [0x33a90000, 0x33c9e760, 0x33c9e800, 0x34690000)
    ro space 10240K,  45% used [0x37a90000, 0x37f17988, 0x37f17a00, 0x38490000)
    rw space 12288K,  54% used [0x38490000, 0x38b1b5d8, 0x38b1b600, 0x39090000)
}

